[2025-05-13 12:10:03] info: Login log saved: Login successful - User ID: 1
[2025-05-13 12:10:36] info: Login log saved: Login successful - User ID: 1
[2025-05-13 12:17:46] info: Login log saved: Login successful - User ID: 1
[2025-05-13 12:19:21] info: Login log saved: Login successful - User ID: 1
[2025-05-13 12:19:57] info: Login log saved: Login successful - User ID: 1
[2025-05-13 12:20:11] info: Login log saved: Login failed: Email atau password yang dimasukkan salah - User ID: null
[2025-05-13 12:20:17] info: Login log saved: Login failed: Email atau password yang dimasukkan salah - User ID: null
[2025-05-13 12:20:23] info: Login log saved: Login failed: Email atau password yang dimasukkan salah - User ID: null
[2025-05-13 12:20:39] info: Login log saved: Login successful - User ID: 1
[2025-05-13 12:22:27] info: Login log saved: Login successful - User ID: 5
[2025-05-13 13:08:08] info: Login log saved: Login successful - User ID: 5
[2025-05-13 13:09:11] info: OTP log saved: OTP valid - User ID: 6
[2025-05-13 13:09:50] info: Registration log saved: Registration failed: 
Invalid `prisma.lecturer.create()` invocation in
D:\Kuliah\Semester VI\Kerja Praktek\Project\backend-latest\src\services\lecturer.service.ts:16:28

  13 });
  14 if (existingLecturer) throw new Error("NIP sudah digunakan");
  15 
→ 16 return prisma.lecturer.create(
Unique constraint failed on the fields: (`id`) - User ID: 6
[2025-05-13 13:10:09] info: Registration log saved: Registration failed: 
Invalid `prisma.lecturer.create()` invocation in
D:\Kuliah\Semester VI\Kerja Praktek\Project\backend-latest\src\services\lecturer.service.ts:16:28

  13 });
  14 if (existingLecturer) throw new Error("NIP sudah digunakan");
  15 
→ 16 return prisma.lecturer.create(
Unique constraint failed on the fields: (`id`) - User ID: 6
[2025-05-13 13:22:50] info: Registration log saved: Registration successful - User ID: 6
[2025-05-13 13:23:06] info: Login log saved: Login successful - User ID: 5
[2025-05-13 13:23:42] info: Login log saved: Login successful - User ID: 1
[2025-05-13 13:24:26] info: Login log saved: Login successful - User ID: 1
[2025-05-13 14:08:32] info: Login log saved: Login successful - User ID: 1
[2025-05-13 14:13:00] info: Login log saved: Login successful - User ID: 1
[2025-05-13 14:13:45] info: Login log saved: Login successful - User ID: 1
[2025-05-13 14:58:21] info: Login log saved: Login successful - User ID: 1
[2025-05-13 21:57:23] info: Login log saved: Login successful - User ID: 5
[2025-05-13 23:18:25] info: Login log saved: Login successful - User ID: 5
[2025-05-14 00:00:00] info: Deleted 0 logs older than 90 days
[2025-05-14 00:19:48] info: Login log saved: Login successful - User ID: 5
[2025-05-14 10:22:36] info: OTP log saved: OTP valid - User ID: 7
[2025-05-14 10:23:06] info: Registration log saved: Registration failed: 
Invalid `prisma.student.create()` invocation in
D:\Kuliah\Semester VI\Kerja Praktek\Project\backend-latest\src\services\student.service.ts:26:27

  23 });
  24 if (existingStudent) throw new Error("NIM sudah digunakan");
  25 
→ 26 return prisma.student.create(
Unique constraint failed on the fields: (`id`) - User ID: 7
[2025-05-14 10:23:29] info: Registration log saved: Registration successful - User ID: 7
[2025-05-14 10:23:40] info: Login log saved: Login successful - User ID: 7
[2025-05-14 10:26:04] info: Login log saved: Login successful - User ID: 5
[2025-05-14 10:46:04] info: Login log saved: Login successful - User ID: 5
[2025-05-14 11:10:43] info: Login log saved: Login successful - User ID: 5
[2025-05-14 18:15:51] info: Login log saved: Login successful - User ID: 5
[2025-05-14 18:19:04] info: Login log saved: Login successful - User ID: 5
[2025-05-14 18:23:05] info: Login log saved: Login successful - User ID: 1
[2025-05-14 23:41:00] info: Login log saved: Login successful - User ID: 5
[2025-05-15 00:00:00] info: Deleted 0 logs older than 90 days
[2025-05-15 00:06:43] info: Login log saved: Login successful - User ID: 5
[2025-05-15 00:18:27] info: Login log saved: Login successful - User ID: 2
[2025-05-15 00:59:08] info: Login log saved: Login successful - User ID: 5
[2025-05-15 01:34:50] info: Login log saved: Login failed: Password yang dimasukkan salah - User ID: 7
[2025-05-15 01:34:55] info: Login log saved: Login successful - User ID: 7
[2025-05-15 04:51:01] info: Login log saved: Login successful - User ID: 1
[2025-05-15 04:51:37] info: Login log saved: Login successful - User ID: 7
[2025-05-15 04:51:54] info: Login log saved: Login successful - User ID: 7
[2025-05-15 11:31:40] info: Login log saved: Login successful - User ID: 5
[2025-05-15 11:31:58] info: Login log saved: Login successful - User ID: 5
[2025-05-15 12:57:30] info: Login log saved: Login successful - User ID: 5
[2025-05-15 13:01:44] info: Login log saved: Login successful - User ID: 5
[2025-05-15 13:02:51] info: Login log saved: Login successful - User ID: 5
[2025-05-15 13:03:41] info: Login log saved: Login successful - User ID: 5
[2025-05-15 15:20:58] info: Login log saved: Login successful - User ID: 5
[2025-05-15 15:21:54] info: Login log saved: Login successful - User ID: 5
[2025-05-15 15:24:34] info: Login log saved: Login successful - User ID: 5
[2025-05-16 00:00:01] info: Deleted 0 logs older than 90 days
[2025-05-16 11:45:39] info: Login log saved: Login successful - User ID: 5
[2025-05-16 11:47:47] info: Login log saved: Login successful - User ID: 2
[2025-05-16 11:48:52] info: Login log saved: Login successful - User ID: 2
[2025-05-16 11:49:01] info: Login log saved: Login successful - User ID: 2
[2025-05-16 11:49:18] info: Login log saved: Login successful - User ID: 2
[2025-05-16 14:10:16] info: Login log saved: Login successful - User ID: 2
[2025-05-16 16:32:31] info: Login log saved: Login successful - User ID: 5
[2025-05-16 16:33:22] info: Login log saved: Login successful - User ID: 2
[2025-05-16 16:45:06] info: Login log saved: Login successful - User ID: 5
[2025-05-16 16:49:26] info: Login log saved: Login successful - User ID: 5
[2025-05-16 16:59:56] info: Login log saved: Login successful - User ID: 5
[2025-05-16 18:03:47] info: Login log saved: Login successful - User ID: 5
[2025-05-16 19:16:16] info: Login log saved: Login successful - User ID: 5
[2025-05-16 19:25:53] info: Login log saved: Login failed: Password yang dimasukkan salah - User ID: 7
[2025-05-16 19:25:57] info: Login log saved: Login successful - User ID: 7
[2025-05-16 19:33:42] info: Login log saved: Login successful - User ID: 5
[2025-05-16 22:36:43] info: Login log saved: Login successful - User ID: 5
[2025-05-16 23:06:50] info: Login log saved: Login successful - User ID: 5
[2025-05-16 23:08:59] info: Login log saved: Login successful - User ID: 5
[2025-05-17 00:00:00] info: Deleted 0 logs older than 90 days
[2025-05-18 18:20:24] info: Login log saved: Login successful - User ID: 5
[2025-05-18 19:21:03] info: Login log saved: Login successful - User ID: 5
[2025-05-18 20:22:44] info: Login log saved: Login successful - User ID: 5
[2025-05-19 00:00:01] info: Deleted 0 logs older than 90 days
[2025-05-19 08:45:43] info: Login log saved: Login successful - User ID: 5
[2025-05-19 08:46:23] info: Login log saved: Login successful - User ID: 2
[2025-05-19 10:39:47] info: Login log saved: Login successful - User ID: 5
[2025-05-19 12:02:27] info: OTP log saved: OTP valid - User ID: 8
[2025-05-19 12:03:11] info: Registration log saved: Registration failed: NIM sudah digunakan - User ID: 8
[2025-05-19 12:03:22] info: Registration log saved: Registration failed: NIM sudah digunakan - User ID: 8
[2025-05-19 12:03:56] info: Registration log saved: Registration failed: NIM sudah digunakan - User ID: 8
[2025-05-19 12:09:15] info: Registration log saved: Registration failed: NIM sudah digunakan - User ID: 8
[2025-05-19 12:10:02] info: OTP log saved: OTP invalid: Kode OTP tidak valid - User ID: 9
[2025-05-19 12:10:14] info: OTP log saved: OTP valid - User ID: 9
[2025-05-19 12:10:46] info: Registration log saved: Registration failed: NIM sudah digunakan - User ID: 9
[2025-05-19 12:16:32] info: OTP log saved: OTP valid - User ID: 10
[2025-05-19 12:17:03] info: Registration log saved: Registration failed: NIM sudah digunakan - User ID: 10
[2025-05-19 12:55:10] info: OTP log saved: OTP valid - User ID: 11
[2025-05-19 12:55:51] info: Registration log saved: Registration failed: NIM sudah digunakan - User ID: 11
[2025-05-19 13:19:50] info: OTP log saved: OTP valid - User ID: 12
[2025-05-19 13:20:25] info: Registration log saved: Registration successful - User ID: 12
[2025-05-19 13:21:51] info: Login log saved: Login successful - User ID: 12
[2025-05-19 13:22:35] info: Login log saved: Login successful - User ID: 5
[2025-05-19 13:42:08] info: Login log saved: Login successful - User ID: 5
[2025-05-19 14:42:52] info: OTP log saved: OTP valid - User ID: 13
[2025-05-19 14:43:50] info: Registration log saved: Registration successful - User ID: 13
[2025-05-19 17:10:39] info: OTP log saved: OTP valid - User ID: 14
[2025-05-19 17:11:17] info: Registration log saved: Registration successful - User ID: 14
[2025-05-19 17:18:22] info: OTP log saved: OTP valid - User ID: 15
[2025-05-19 17:19:49] info: Registration log saved: Registration successful - User ID: 15
[2025-05-19 17:21:35] info: OTP log saved: OTP valid - User ID: 16
[2025-05-19 17:23:21] info: Registration log saved: Registration successful - User ID: 16
[2025-05-19 17:29:58] info: Login log saved: Login successful - User ID: 16
[2025-05-19 17:34:59] info: OTP log saved: OTP valid - User ID: 17
[2025-05-19 17:35:22] info: Registration log saved: Registration failed: NIM sudah digunakan - User ID: 17
[2025-05-19 17:36:04] info: Registration log saved: Registration successful - User ID: 17
[2025-05-19 17:36:52] info: Login log saved: Login successful - User ID: 17
[2025-05-19 17:51:43] info: Login log saved: Login successful - User ID: 17
[2025-05-19 17:55:08] info: OTP log saved: OTP valid - User ID: 18
[2025-05-19 17:55:31] info: Registration log saved: Registration successful - User ID: 18
[2025-05-19 17:56:00] info: Login log saved: Login successful - User ID: 18
[2025-05-19 18:04:44] info: Login log saved: Login successful - User ID: 18
[2025-05-19 18:12:03] info: OTP log saved: OTP valid - User ID: 19
[2025-05-19 18:12:27] info: Registration log saved: Registration failed: 
Invalid `prisma.user.update()` invocation in
D:\Kuliah\Semester VI\Kerja Praktek\Project\backend-latest\src\services\auth.service.ts:152:27

  149   userID: tempUser.id,
  150   file,
  151 });
→ 152 await prisma.user.update(
Transaction API error: Transaction already closed: A query cannot be executed on an expired transaction. The timeout for this transaction was 5000 ms, however 5247 ms passed since the start of the transaction. Consider increasing the interactive transaction timeout or doing less work in the transaction. - User ID: 19
[2025-05-19 18:14:52] info: Registration log saved: Registration failed: NIM sudah digunakan - User ID: 19
[2025-05-19 18:16:49] info: OTP log saved: OTP valid - User ID: 19
[2025-05-19 18:17:00] info: Registration log saved: Registration failed: 
Invalid `prisma.user.update()` invocation in
D:\Kuliah\Semester VI\Kerja Praktek\Project\backend-latest\src\services\auth.service.ts:152:27

  149   userID: tempUser.id,
  150   file,
  151 });
→ 152 await prisma.user.update(
Transaction API error: Transaction already closed: A query cannot be executed on an expired transaction. The timeout for this transaction was 5000 ms, however 5331 ms passed since the start of the transaction. Consider increasing the interactive transaction timeout or doing less work in the transaction. - User ID: 19
[2025-05-19 18:17:04] info: Registration log saved: Registration failed: NIM sudah digunakan - User ID: 19
[2025-05-19 18:20:36] info: OTP log saved: OTP valid - User ID: 19
[2025-05-19 18:21:08] info: Registration log saved: Registration successful - User ID: 19
[2025-05-19 18:22:07] info: Login log saved: Login successful - User ID: 19
[2025-05-19 18:23:39] info: OTP log saved: OTP valid - User ID: 20
[2025-05-19 18:24:19] info: Registration log saved: Registration successful - User ID: 20
[2025-05-19 18:24:43] info: Login log saved: Login successful - User ID: 20
[2025-05-19 20:10:31] info: Login log saved: Login successful - User ID: 5
[2025-05-19 21:16:42] info: Login log saved: Login successful - User ID: 1
[2025-05-19 21:43:53] info: Login log saved: Login successful - User ID: 5
[2025-05-19 22:16:23] info: Login log saved: Login successful - User ID: 1
[2025-05-20 00:00:00] info: Deleted 0 logs older than 90 days
[2025-05-20 16:30:29] info: Login log saved: Login successful - User ID: 5
[2025-05-20 18:02:38] info: Login log saved: Login successful - User ID: 5
[2025-05-20 18:12:53] info: Login log saved: Login successful - User ID: 5
[2025-05-20 19:36:21] info: Login log saved: Login successful - User ID: 5
[2025-05-20 21:35:24] info: Login log saved: Login successful - User ID: 5
[2025-05-20 22:37:34] info: Login log saved: Login successful - User ID: 5
[2025-05-20 23:35:27] info: Create announcement log saved: Gagal membuat pengumuman: visibility.filter is not a function - User ID: 5
[2025-05-20 23:35:30] info: Create announcement log saved: Gagal membuat pengumuman: visibility.filter is not a function - User ID: 5
[2025-05-20 23:35:48] info: Create announcement log saved: Gagal membuat pengumuman: visibility.filter is not a function - User ID: 5
[2025-05-20 23:36:07] info: Create announcement log saved: Gagal membuat pengumuman: visibility.filter is not a function - User ID: 5
[2025-05-20 23:36:38] info: Create announcement log saved: Gagal membuat pengumuman: visibility.filter is not a function - User ID: 5
[2025-05-20 23:44:38] info: Login log saved: Login successful - User ID: 5
[2025-05-20 23:45:13] info: Create announcement log saved: Membuat pengumuman berhasil - User ID: 5
[2025-05-20 23:46:53] info: Update announcement log saved: Memperbarui pengumuman berhasil - User ID: 5
[2025-05-21 00:00:00] info: Deleted 0 logs older than 90 days
[2025-05-21 03:59:48] info: Login log saved: Login successful - User ID: 7
[2025-05-21 04:20:57] info: Login log saved: Login successful - User ID: 7
[2025-05-21 04:22:02] info: Login log saved: Login successful - User ID: 5
[2025-05-21 04:22:54] info: Create announcement log saved: Membuat pengumuman berhasil - User ID: 5
[2025-05-21 04:32:47] info: Login log saved: Login successful - User ID: 7
[2025-05-21 04:34:21] info: Create announcement log saved: Membuat pengumuman berhasil - User ID: 5
[2025-05-21 04:35:43] info: Create announcement log saved: Membuat pengumuman berhasil - User ID: 5
[2025-05-21 04:38:53] info: Update announcement log saved: Memperbarui pengumuman berhasil - User ID: 5
[2025-05-21 04:41:24] info: Delete announcement log saved: Gagal menghapus pengumuman: Unknown error - User ID: 5
[2025-05-21 04:41:48] info: Update announcement log saved: Memperbarui pengumuman berhasil - User ID: 5
[2025-05-21 04:42:11] info: Delete announcement log saved: Gagal menghapus pengumuman: Unknown error - User ID: 5
[2025-05-21 04:42:33] info: Update announcement log saved: Memperbarui pengumuman berhasil - User ID: 5
[2025-05-21 04:48:54] info: Login log saved: Login successful - User ID: 5
[2025-05-21 04:50:02] info: Delete announcement log saved: Gagal menghapus pengumuman: Unknown error - User ID: 5
[2025-05-21 04:50:52] info: Update announcement log saved: Memperbarui pengumuman berhasil - User ID: 5
[2025-05-21 04:51:08] info: Delete announcement log saved: Gagal menghapus pengumuman: Unknown error - User ID: 5
[2025-05-21 04:52:46] info: Login log saved: Login successful - User ID: 5
[2025-05-21 04:53:48] info: Login log saved: Login successful - User ID: 5
[2025-05-21 04:54:12] info: Delete announcement log saved: Gagal menghapus pengumuman: Unknown error - User ID: 5
[2025-05-21 05:27:39] info: Delete announcement log saved: Menghapus pengumuman berhasil - User ID: 5
[2025-05-21 05:28:06] info: Delete announcement log saved: Menghapus pengumuman berhasil - User ID: 5
[2025-05-21 05:28:47] info: Login log saved: Login successful - User ID: 5
[2025-05-21 05:29:00] info: Delete announcement log saved: Menghapus pengumuman berhasil - User ID: 5
[2025-05-21 05:29:11] info: Delete announcement log saved: Menghapus pengumuman berhasil - User ID: 5
[2025-05-21 05:30:47] info: Delete announcement log saved: Menghapus pengumuman berhasil - User ID: 5
[2025-05-21 05:35:27] info: Login log saved: Login successful - User ID: 5
[2025-05-21 05:35:35] info: Delete announcement log saved: Menghapus pengumuman berhasil - User ID: 5
[2025-05-21 05:36:41] info: Login log saved: Login successful - User ID: 5
[2025-05-21 05:36:54] info: Login log saved: Login successful - User ID: 5
[2025-05-21 05:37:34] info: Delete announcement log saved: Menghapus pengumuman berhasil - User ID: 5
[2025-05-21 05:40:16] info: Update announcement log saved: Memperbarui pengumuman berhasil - User ID: 5
[2025-05-21 05:40:40] info: Create announcement log saved: Membuat pengumuman berhasil - User ID: 5
[2025-05-21 05:41:29] info: Update announcement log saved: Memperbarui pengumuman berhasil - User ID: 5
[2025-05-21 05:42:12] info: Create announcement log saved: Membuat pengumuman berhasil - User ID: 5
[2025-05-21 05:42:38] info: Update announcement log saved: Memperbarui pengumuman berhasil - User ID: 5
[2025-05-21 06:21:07] info: Login log saved: Login successful - User ID: 5
[2025-05-21 10:06:11] info: Login log saved: Login successful - User ID: 5
[2025-05-21 10:34:40] info: Login log saved: Login successful - User ID: 5
[2025-05-21 10:42:19] info: Delete announcement log saved: Menghapus pengumuman berhasil - User ID: 5
[2025-05-21 10:48:00] info: Create announcement log saved: Membuat pengumuman berhasil - User ID: 5
[2025-05-21 10:50:10] info: Update announcement log saved: Memperbarui pengumuman berhasil - User ID: 5
[2025-05-21 10:50:16] info: Delete announcement log saved: Menghapus pengumuman berhasil - User ID: 5
[2025-05-21 11:00:43] info: Delete announcement log saved: Menghapus pengumuman berhasil - User ID: 5
[2025-05-21 11:23:35] info: Create announcement log saved: Membuat pengumuman berhasil - User ID: 5
[2025-05-21 11:34:34] info: Update announcement log saved: Memperbarui pengumuman berhasil - User ID: 5
[2025-05-21 11:35:04] info: Login log saved: Login successful - User ID: 5
[2025-05-21 11:35:26] info: Update announcement log saved: Memperbarui pengumuman berhasil - User ID: 5
[2025-05-21 11:35:37] info: Update announcement log saved: Memperbarui pengumuman berhasil - User ID: 5
[2025-05-21 11:36:01] info: Update announcement log saved: Memperbarui pengumuman berhasil - User ID: 5
[2025-05-21 11:39:09] info: Update announcement log saved: Memperbarui pengumuman berhasil - User ID: 5
[2025-05-21 11:41:01] info: Update announcement log saved: Memperbarui pengumuman berhasil - User ID: 5
[2025-05-21 11:41:57] info: Delete announcement log saved: Menghapus pengumuman berhasil - User ID: 5
[2025-05-21 11:51:03] info: Update announcement log saved: Memperbarui pengumuman berhasil - User ID: 5
[2025-05-21 11:51:44] info: Update announcement log saved: Memperbarui pengumuman berhasil - User ID: 5
[2025-05-21 11:53:20] info: Create announcement log saved: Membuat pengumuman berhasil - User ID: 5
[2025-05-21 11:53:52] info: Create announcement log saved: Membuat pengumuman berhasil - User ID: 5
[2025-05-21 11:58:38] info: Login log saved: Login successful - User ID: 5
[2025-05-21 12:12:12] info: Login log saved: Login failed: Email atau password yang dimasukkan salah - User ID: null
[2025-05-21 12:12:19] info: Login log saved: Login failed: Email atau password yang dimasukkan salah - User ID: null
[2025-05-21 12:12:26] info: Login log saved: Login successful - User ID: 2
[2025-05-21 14:09:13] info: Login log saved: Login successful - User ID: 2
[2025-05-21 14:10:50] info: Login log saved: Login successful - User ID: 2
[2025-05-21 16:40:19] info: Login log saved: Login successful - User ID: 2
[2025-05-21 16:55:44] info: Login log saved: Login successful - User ID: 5
[2025-05-21 16:57:30] info: Create announcement log saved: Membuat pengumuman berhasil - User ID: 5
[2025-05-21 17:33:30] info: Login log saved: Login failed: Password yang dimasukkan salah - User ID: 7
[2025-05-21 17:33:36] info: Login log saved: Login successful - User ID: 7
[2025-05-21 18:09:31] info: Login log saved: Login successful - User ID: 5
[2025-05-22 00:00:01] info: Deleted 0 logs older than 90 days
[2025-05-22 07:56:56] info: Login log saved: Login failed: Password yang dimasukkan salah - User ID: 7
[2025-05-22 07:56:59] info: Login log saved: Login successful - User ID: 7
[2025-05-22 07:58:25] info: Login log saved: Login successful - User ID: 2
[2025-05-22 08:09:16] info: Login log saved: Login successful - User ID: 5
[2025-05-22 08:23:28] info: Assess seminar proposal log saved: successfully assessed the proposal seminar - User ID: 2
[2025-05-22 08:28:29] info: Login log saved: Login failed: Password yang dimasukkan salah - User ID: 7
[2025-05-22 08:28:33] info: Login log saved: Login successful - User ID: 7
[2025-05-22 10:46:52] info: Login log saved: Login successful - User ID: 2
[2025-05-22 11:22:47] info: Login log saved: Login successful - User ID: 5
[2025-05-22 11:50:28] info: Login log saved: Login successful - User ID: 2
[2025-05-22 11:50:56] info: Login log saved: Login successful - User ID: 5
[2025-05-22 11:55:02] info: Login log saved: Login successful - User ID: 5
[2025-05-23 00:00:01] info: Deleted 0 logs older than 90 days
[2025-05-24 14:05:32] info: Login log saved: Login successful - User ID: 5
[2025-05-24 14:08:10] info: Login log saved: Login successful - User ID: 7
[2025-05-24 20:16:36] info: Login log saved: Login successful - User ID: 5
[2025-05-24 20:17:12] info: Create announcement log saved: Membuat pengumuman berhasil - User ID: 5
[2025-05-24 20:37:14] info: Create announcement log saved: Membuat pengumuman berhasil - User ID: 5
[2025-05-25 00:00:00] info: Deleted 0 logs older than 90 days
[2025-05-25 14:36:42] info: Login log saved: Login successful - User ID: 2
[2025-05-25 14:37:17] info: Login log saved: Login failed: Password yang dimasukkan salah - User ID: 7
[2025-05-25 14:37:23] info: Login log saved: Login successful - User ID: 7
[2025-05-25 14:57:21] info: Login log saved: Login successful - User ID: 2
[2025-05-25 17:29:10] info: Login log saved: Login successful - User ID: 2
[2025-05-25 17:30:08] info: Seminar proposal update assessment log saved: Successfully update proposal seminar assessment - User ID: 2
[2025-05-25 18:13:08] info: Seminar proposal update assessment log saved: Successfully update proposal seminar assessment - User ID: 2
[2025-05-25 18:13:16] info: Seminar proposal update assessment log saved: Successfully update proposal seminar assessment - User ID: 2
[2025-05-25 20:58:16] info: Login log saved: Login successful - User ID: 2
[2025-05-26 00:00:01] info: Deleted 0 logs older than 90 days
[2025-05-26 08:40:24] info: Login log saved: Login successful - User ID: 2
[2025-05-26 08:51:19] info: Seminar proposal update assessment log saved: Successfully update proposal seminar assessment - User ID: 2
[2025-05-26 10:00:58] info: Login log saved: Login successful - User ID: 2
[2025-05-26 10:10:14] info: Login log saved: Login successful - User ID: 5
[2025-05-26 10:11:21] info: Seminar proposal update schedule upload log saved: Successfully update sempro seminar schedule - User ID: 5
[2025-05-26 11:10:53] info: Login log saved: Login successful - User ID: 2
[2025-05-26 14:00:46] info: Login log saved: Login successful - User ID: 2
[2025-05-26 14:35:11] info: Login log saved: Login successful - User ID: 5
[2025-05-26 14:36:15] info: Login log saved: Login successful - User ID: 5
[2025-05-26 14:36:47] info: Login log saved: Login successful - User ID: 5
[2025-05-26 14:37:22] info: Login log saved: Login successful - User ID: 5
[2025-05-26 16:32:05] info: Login log saved: Login successful - User ID: 5
[2025-05-26 16:33:08] info: Login log saved: Login successful - User ID: 2
[2025-05-26 16:46:04] info: Login log saved: Login successful - User ID: 2
[2025-05-26 17:12:53] info: Login log saved: Login successful - User ID: 2
[2025-05-26 17:21:34] info: Login log saved: Login successful - User ID: 2
[2025-05-26 18:56:21] info: Login log saved: Login successful - User ID: 2
[2025-05-26 19:09:58] info: Login log saved: Login successful - User ID: 2
[2025-05-26 19:13:49] info: Login log saved: Login successful - User ID: 2
[2025-05-26 19:16:33] info: Login log saved: Login successful - User ID: 5
[2025-05-26 19:37:20] info: Login log saved: Login successful - User ID: 7
